<?xml version="1.0" encoding="UTF-8"?>
<!-- Generated by org.testng.reporters.JUnitXMLReporter -->
<testsuite hostname="ICPL11471" ignored="0" name="Default test" tests="3" failures="0" timestamp="21 Feb 2018 06:40:04 GMT" time="0.053" errors="0">
  <testcase name="@BeforeClass beforeTest" time="0.0" classname="assigment.assignment2.Test1.FlightSearchTest">
    <failure type="org.testng.TestNGException" message="
Parameter &amp;apos;browser&amp;apos; is required by BeforeClass on method beforeTest but has not been marked @Optional or defined
in C:\Users\shwetambari.pansare.INFOSTRETCH\AppData\Local\Temp\testng-eclipse--604738010\testng-customsuite.xml">
      <![CDATA[org.testng.TestNGException: 
Parameter 'browser' is required by BeforeClass on method beforeTest but has not been marked @Optional or defined
in C:\Users\shwetambari.pansare.INFOSTRETCH\AppData\Local\Temp\testng-eclipse--604738010\testng-customsuite.xml
	at org.testng.internal.Parameters.createParameters(Parameters.java:199)
	at org.testng.internal.Parameters.createParameters(Parameters.java:443)
	at org.testng.internal.Parameters.createConfigurationParameters(Parameters.java:118)
	at org.testng.internal.Invoker.invokeConfigurations(Invoker.java:203)
	at org.testng.internal.Invoker.invokeConfigurations(Invoker.java:144)
	at org.testng.internal.TestMethodWorker.invokeBeforeClassMethods(TestMethodWorker.java:169)
	at org.testng.internal.TestMethodWorker.run(TestMethodWorker.java:108)
	at org.testng.TestRunner.privateRun(TestRunner.java:756)
	at org.testng.TestRunner.run(TestRunner.java:610)
	at org.testng.SuiteRunner.runTest(SuiteRunner.java:387)
	at org.testng.SuiteRunner.runSequentially(SuiteRunner.java:382)
	at org.testng.SuiteRunner.privateRun(SuiteRunner.java:340)
	at org.testng.SuiteRunner.run(SuiteRunner.java:289)
	at org.testng.SuiteRunnerWorker.runSuite(SuiteRunnerWorker.java:52)
	at org.testng.SuiteRunnerWorker.run(SuiteRunnerWorker.java:86)
	at org.testng.TestNG.runSuitesSequentially(TestNG.java:1293)
	at org.testng.TestNG.runSuitesLocally(TestNG.java:1218)
	at org.testng.TestNG.runSuites(TestNG.java:1133)
	at org.testng.TestNG.run(TestNG.java:1104)
	at org.testng.remote.AbstractRemoteTestNG.run(AbstractRemoteTestNG.java:114)
	at org.testng.remote.RemoteTestNG.initAndRun(RemoteTestNG.java:251)
	at org.testng.remote.RemoteTestNG.main(RemoteTestNG.java:77)
]]>
    </failure>
  </testcase> <!-- @BeforeClass beforeTest -->
  <testcase name="@AfterTest closeBrowser" time="0.0" classname="assigment.assignment2.Test1.FlightSearchTest">
    <skipped/>
  </testcase> <!-- @AfterTest closeBrowser -->
  <testcase name="navigate" time="0.0" classname="assigment.assignment2.Test1.FlightSearchTest">
    <skipped/>
  </testcase> <!-- navigate -->
  <testcase name="searchForFlights" time="0.015" classname="assigment.assignment2.Test1.FlightSearchTest">
    <skipped/>
  </testcase> <!-- searchForFlights -->
  <testcase name="validateResult" time="0.0" classname="assigment.assignment2.Test1.FlightSearchTest">
    <skipped/>
  </testcase> <!-- validateResult -->
</testsuite> <!-- Default test -->
